{
  "RSpec": {
    "coverage": {
      "/Users/devbook/Projects/Week8/acebook-bits-please/app/helpers/album_helper.rb": [
        1,
        null
      ],
      "/Users/devbook/Projects/Week8/acebook-bits-please/app/helpers/albums_helper.rb": [
        1,
        null
      ],
      "/Users/devbook/Projects/Week8/acebook-bits-please/app/helpers/application_helper.rb": [
        null,
        null,
        1,
        null
      ],
      "/Users/devbook/Projects/Week8/acebook-bits-please/app/helpers/comments_helper.rb": [
        1,
        null
      ],
      "/Users/devbook/Projects/Week8/acebook-bits-please/app/helpers/images_helper.rb": [
        1,
        null
      ],
      "/Users/devbook/Projects/Week8/acebook-bits-please/app/helpers/profile_helper.rb": [
        1,
        null
      ],
      "/Users/devbook/Projects/Week8/acebook-bits-please/app/helpers/sessions_helper.rb": [
        1,
        null
      ],
      "/Users/devbook/Projects/Week8/acebook-bits-please/app/helpers/users_helper.rb": [
        1,
        null
      ],
      "/Users/devbook/Projects/Week8/acebook-bits-please/app/helpers/welcome_helper.rb": [
        1,
        null
      ],
      "/Users/devbook/Projects/Week8/acebook-bits-please/app/controllers/albums_controller.rb": [
        1,
        1,
        null,
        null,
        null,
        1,
        0,
        null,
        null,
        null,
        null,
        1,
        0,
        0,
        null,
        null,
        null,
        null,
        null,
        1,
        0,
        null,
        null,
        null,
        1,
        null,
        null,
        null,
        null,
        1,
        0,
        null,
        0,
        0,
        0,
        0,
        null,
        0,
        0,
        null,
        null,
        null,
        null,
        null,
        null,
        1,
        0,
        0,
        0,
        0,
        null,
        0,
        0,
        null,
        null,
        null,
        null,
        null,
        null,
        1,
        0,
        0,
        null,
        null,
        1,
        null,
        1,
        0,
        null,
        null,
        null,
        1,
        0,
        null,
        null
      ],
      "/Users/devbook/Projects/Week8/acebook-bits-please/app/controllers/application_controller.rb": [
        null,
        null,
        1,
        1,
        1,
        1,
        null,
        1,
        360,
        360,
        null,
        0,
        null,
        null,
        null,
        1,
        null,
        1,
        89,
        0,
        null,
        null,
        null,
        null
      ],
      "/Users/devbook/Projects/Week8/acebook-bits-please/app/controllers/images_controller.rb": [
        1,
        1,
        0,
        0,
        0,
        null,
        null
      ],
      "/Users/devbook/Projects/Week8/acebook-bits-please/app/controllers/sessions_controller.rb": [
        1,
        1,
        1,
        null,
        null,
        1,
        24,
        null,
        24,
        22,
        22,
        null,
        null,
        2,
        null,
        null,
        null,
        null,
        null,
        1,
        4,
        4,
        null,
        null
      ],
      "/Users/devbook/Projects/Week8/acebook-bits-please/app/controllers/users_controller.rb": [
        1,
        1,
        1,
        null,
        null,
        null,
        1,
        1,
        null,
        null,
        null,
        null,
        1,
        null,
        null,
        null,
        1,
        35,
        null,
        null,
        null,
        1,
        null,
        null,
        null,
        null,
        1,
        32,
        null,
        32,
        32,
        50,
        null,
        null,
        14,
        7,
        null,
        null,
        null,
        null,
        null,
        null,
        1,
        0,
        0,
        0,
        0,
        null,
        0,
        0,
        null,
        null,
        null,
        null,
        null,
        null,
        1,
        0,
        0,
        0,
        0,
        null,
        null,
        null,
        1,
        null,
        1,
        0,
        null,
        null,
        null,
        1,
        32,
        null,
        null
      ],
      "/Users/devbook/Projects/Week8/acebook-bits-please/app/controllers/welcome_controller.rb": [
        1,
        1,
        1,
        null,
        null
      ],
      "/Users/devbook/Projects/Week8/acebook-bits-please/app/models/album.rb": [
        1,
        1,
        1,
        1,
        1,
        null,
        1,
        0,
        null,
        null,
        1,
        null,
        1,
        0,
        0,
        null,
        null,
        0,
        0,
        0,
        null,
        null,
        null,
        null,
        null
      ],
      "/Users/devbook/Projects/Week8/acebook-bits-please/app/models/application_record.rb": [
        null,
        null,
        1,
        1,
        null
      ],
      "/Users/devbook/Projects/Week8/acebook-bits-please/app/models/post.rb": [
        null,
        null,
        1,
        1,
        1,
        1,
        null,
        1,
        31,
        null,
        null,
        null
      ],
      "/Users/devbook/Projects/Week8/acebook-bits-please/app/models/user.rb": [
        1,
        1,
        1,
        1,
        1,
        1,
        1,
        1,
        1,
        1,
        1,
        null,
        null
      ],
      "/Users/devbook/Projects/Week8/acebook-bits-please/app/controllers/posts_controller.rb": [
        1,
        1,
        0,
        null,
        null,
        1,
        16,
        null,
        16,
        15,
        null,
        1,
        null,
        null,
        null,
        null,
        null,
        null,
        null,
        null,
        null,
        null,
        null,
        1,
        54,
        54,
        null,
        null,
        null,
        1,
        1,
        null,
        null,
        1,
        1,
        1,
        1,
        1,
        null,
        null,
        0,
        null,
        null,
        null,
        1,
        1,
        1,
        1,
        null,
        null,
        1,
        null,
        1,
        16,
        null,
        null,
        null
      ],
      "/Users/devbook/Projects/Week8/acebook-bits-please/app/models/comment.rb": [
        1,
        1,
        1,
        1,
        null,
        1,
        11,
        null,
        null,
        null
      ],
      "/Users/devbook/Projects/Week8/acebook-bits-please/app/controllers/comments_controller.rb": [
        1,
        null,
        1,
        10,
        10,
        10,
        9,
        null,
        1,
        null,
        null,
        null,
        null,
        1,
        2,
        2,
        2,
        null,
        null,
        1,
        2,
        null,
        null,
        1,
        2,
        2,
        2,
        null,
        null
      ],
      "/Users/devbook/Projects/Week8/acebook-bits-please/app/mailers/application_mailer.rb": [
        0,
        0,
        0,
        0,
        0,
        0
      ],
      "/Users/devbook/Projects/Week8/acebook-bits-please/app/jobs/application_job.rb": [
        0,
        0,
        0,
        0
      ],
      "/Users/devbook/Projects/Week8/acebook-bits-please/app/controllers/profile_controller.rb": [
        0,
        0,
        0,
        0,
        0,
        0,
        0,
        0,
        0,
        0,
        0,
        0,
        0,
        0,
        0
      ],
      "/Users/devbook/Projects/Week8/acebook-bits-please/app/channels/application_cable/connection.rb": [
        0,
        0,
        0,
        0,
        0,
        0
      ],
      "/Users/devbook/Projects/Week8/acebook-bits-please/app/channels/application_cable/channel.rb": [
        0,
        0,
        0,
        0,
        0,
        0
      ]
    },
    "timestamp": 1594375007
  }
}
